<?xml version="1.0" encoding="UTF-8"?>
<testsuite name="api.RestTest" tests="1" skipped="0" failures="0" errors="0" timestamp="2018-11-10T00:17:42" hostname="DESKTOP-0P4U7KI" time="0.248">
  <properties/>
  <testcase name="getIndex" classname="api.RestTest" time="0.248"/>
  <system-out><![CDATA[21:17:36.969 [Test worker] DEBUG org.springframework.test.context.junit4.SpringJUnit4ClassRunner - SpringJUnit4ClassRunner constructor called with [class api.RestTest]
21:17:36.978 [Test worker] DEBUG org.springframework.test.context.BootstrapUtils - Instantiating CacheAwareContextLoaderDelegate from class [org.springframework.test.context.cache.DefaultCacheAwareContextLoaderDelegate]
21:17:36.985 [Test worker] DEBUG org.springframework.test.context.BootstrapUtils - Instantiating BootstrapContext using constructor [public org.springframework.test.context.support.DefaultBootstrapContext(java.lang.Class,org.springframework.test.context.CacheAwareContextLoaderDelegate)]
21:17:37.027 [Test worker] DEBUG org.springframework.test.context.BootstrapUtils - Instantiating TestContextBootstrapper for test class [api.RestTest] from class [org.springframework.boot.test.context.SpringBootTestContextBootstrapper]
21:17:37.039 [Test worker] INFO org.springframework.boot.test.context.SpringBootTestContextBootstrapper - Neither @ContextConfiguration nor @ContextHierarchy found for test class [api.RestTest], using SpringBootContextLoader
21:17:37.043 [Test worker] DEBUG org.springframework.test.context.support.AbstractContextLoader - Did not detect default resource location for test class [api.RestTest]: class path resource [api/RestTest-context.xml] does not exist
21:17:37.044 [Test worker] DEBUG org.springframework.test.context.support.AbstractContextLoader - Did not detect default resource location for test class [api.RestTest]: class path resource [api/RestTestContext.groovy] does not exist
21:17:37.044 [Test worker] INFO org.springframework.test.context.support.AbstractContextLoader - Could not detect default resource locations for test class [api.RestTest]: no resource found for suffixes {-context.xml, Context.groovy}.
21:17:37.045 [Test worker] INFO org.springframework.test.context.support.AnnotationConfigContextLoaderUtils - Could not detect default configuration classes for test class [api.RestTest]: RestTest does not declare any static, non-private, non-final, nested classes annotated with @Configuration.
21:17:37.105 [Test worker] DEBUG org.springframework.test.context.support.ActiveProfilesUtils - Could not find an 'annotation declaring class' for annotation type [org.springframework.test.context.ActiveProfiles] and class [api.RestTest]
21:17:37.113 [Test worker] DEBUG org.springframework.core.env.StandardEnvironment - Adding PropertySource 'systemProperties' with lowest search precedence
21:17:37.113 [Test worker] DEBUG org.springframework.core.env.StandardEnvironment - Adding PropertySource 'systemEnvironment' with lowest search precedence
21:17:37.114 [Test worker] DEBUG org.springframework.core.env.StandardEnvironment - Initialized StandardEnvironment with PropertySources [MapPropertySource@169121020 {name='systemProperties', properties={sun.desktop=windows, awt.toolkit=sun.awt.windows.WToolkit, java.specification.version=10, file.encoding.pkg=sun.io, sun.cpu.isalist=amd64, sun.jnu.encoding=Cp1252, org.gradle.test.worker=27, java.class.path=C:\Users\Max Sylver\.gradle\caches\4.8\workerMain\gradle-worker.jar;N:\_Work\produtoragrotest\build\classes\java\test;N:\_Work\produtoragrotest\build\resources\test;N:\_Work\produtoragrotest\build\classes\java\main;N:\_Work\produtoragrotest\build\resources\main;C:\Users\Max Sylver\.gradle\caches\modules-2\files-2.1\org.apache.commons\commons-csv\1.5\e10f140af5b82167640f254fa9d88e35ad74329c\commons-csv-1.5.jar;C:\Users\Max Sylver\.gradle\caches\modules-2\files-2.1\org.springframework.boot\spring-boot-starter-actuator\2.0.5.RELEASE\d5153c71f55aa39593fb6295790aad7cd81ef296\spring-boot-starter-actuator-2.0.5.RELEASE.jar;C:\Users\Max Sylver\.gradle\caches\modules-2\files-2.1\org.springframework.boot\spring-boot-starter-web\2.0.5.RELEASE\52daa1f1509bd637a737206e54c06a17aabb9504\spring-boot-starter-web-2.0.5.RELEASE.jar;C:\Users\Max Sylver\.gradle\caches\modules-2\files-2.1\org.springframework.boot\spring-boot-starter-test\2.0.5.RELEASE\ab04ca2e76f6a8e786001352a81a10e4b0e7fbc8\spring-boot-starter-test-2.0.5.RELEASE.jar;C:\Users\Max Sylver\.gradle\caches\modules-2\files-2.1\junit\junit\4.12\2973d150c0dc1fefe998f834810d68f278ea58ec\junit-4.12.jar;C:\Users\Max Sylver\.gradle\caches\modules-2\files-2.1\org.springframework.boot\spring-boot-starter-json\2.0.5.RELEASE\d0052ded4733ceb1fb7d927238f22f9a92099227\spring-boot-starter-json-2.0.5.RELEASE.jar;C:\Users\Max Sylver\.gradle\caches\modules-2\files-2.1\org.springframework.boot\spring-boot-starter\2.0.5.RELEASE\1f53487a373be18d064a5815e9bac9882ef15cdc\spring-boot-starter-2.0.5.RELEASE.jar;C:\Users\Max Sylver\.gradle\caches\modules-2\files-2.1\org.springframework.boot\spring-boot-actuator-autoconfigure\2.0.5.RELEASE\b29cda343b80e9294646070a5e0d353c3f9f01d1\spring-boot-actuator-autoconfigure-2.0.5.RELEASE.jar;C:\Users\Max Sylver\.gradle\caches\modules-2\files-2.1\io.micrometer\micrometer-core\1.0.6\50299bc8a34c251d62311bbb1a297f3942a82e42\micrometer-core-1.0.6.jar;C:\Users\Max Sylver\.gradle\caches\modules-2\files-2.1\org.springframework.boot\spring-boot-starter-tomcat\2.0.5.RELEASE\eaac8a5d73b45400bc88cd7f6b5c99b5f0d5e9b7\spring-boot-starter-tomcat-2.0.5.RELEASE.jar;C:\Users\Max Sylver\.gradle\caches\modules-2\files-2.1\org.hibernate.validator\hibernate-validator\6.0.12.Final\478003e61b056c1f97840ba3e62ff31cdc89597\hibernate-validator-6.0.12.Final.jar;C:\Users\Max Sylver\.gradle\caches\modules-2\files-2.1\org.springframework\spring-webmvc\5.0.9.RELEASE\c18346caaeb8dc648c4cc01874996fd9fef76664\spring-webmvc-5.0.9.RELEASE.jar;C:\Users\Max Sylver\.gradle\caches\modules-2\files-2.1\org.springframework\spring-web\5.0.9.RELEASE\1ea3aab93340849313fa74ec626ddaf1fff9ed8e\spring-web-5.0.9.RELEASE.jar;C:\Users\Max Sylver\.gradle\caches\modules-2\files-2.1\org.springframework.boot\spring-boot-test-autoconfigure\2.0.5.RELEASE\54d5e8f9e88c6236fe164474f0aed5a8a1052c43\spring-boot-test-autoconfigure-2.0.5.RELEASE.jar;C:\Users\Max Sylver\.gradle\caches\modules-2\files-2.1\org.springframework.boot\spring-boot-test\2.0.5.RELEASE\ce6353f33217982357a6bdba6576015ea333304c\spring-boot-test-2.0.5.RELEASE.jar;C:\Users\Max Sylver\.gradle\caches\modules-2\files-2.1\com.jayway.jsonpath\json-path\2.4.0\765a4401ceb2dc8d40553c2075eb80a8fa35c2ae\json-path-2.4.0.jar;C:\Users\Max Sylver\.gradle\caches\modules-2\files-2.1\org.assertj\assertj-core\3.9.1\c5ce126b15f28d56cd8f960c1a6a058b9c9aea87\assertj-core-3.9.1.jar;C:\Users\Max Sylver\.gradle\caches\modules-2\files-2.1\org.mockito\mockito-core\2.15.0\b84bfbbc29cd22c9529409627af6ea2897f4fa85\mockito-core-2.15.0.jar;C:\Users\Max Sylver\.gradle\caches\modules-2\files-2.1\org.hamcrest\hamcrest-library\1.3\4785a3c21320980282f9f33d0d1264a69040538f\hamcrest-library-1.3.jar;C:\Users\Max Sylver\.gradle\caches\modules-2\files-2.1\org.hamcrest\hamcrest-core\1.3\42a25dc3219429f0e5d060061f71acb49bf010a0\hamcrest-core-1.3.jar;C:\Users\Max Sylver\.gradle\caches\modules-2\files-2.1\org.skyscreamer\jsonassert\1.5.0\6c9d5fe2f59da598d9aefc1cfc6528ff3cf32df3\jsonassert-1.5.0.jar;C:\Users\Max Sylver\.gradle\caches\modules-2\files-2.1\org.springframework\spring-test\5.0.9.RELEASE\218c8648f898453be92d550252e0ce2a84b54375\spring-test-5.0.9.RELEASE.jar;C:\Users\Max Sylver\.gradle\caches\modules-2\files-2.1\org.springframework.boot\spring-boot-autoconfigure\2.0.5.RELEASE\e5588642799e0c0c04638e255c3d3f31ba400ff4\spring-boot-autoconfigure-2.0.5.RELEASE.jar;C:\Users\Max Sylver\.gradle\caches\modules-2\files-2.1\org.springframework.boot\spring-boot-actuator\2.0.5.RELEASE\7daa40cc91678aee37009b595c4cee4b05de3d68\spring-boot-actuator-2.0.5.RELEASE.jar;C:\Users\Max Sylver\.gradle\caches\modules-2\files-2.1\org.springframework.boot\spring-boot\2.0.5.RELEASE\19a4624cbd89a318d10c79f289c6c816043850fb\spring-boot-2.0.5.RELEASE.jar;C:\Users\Max Sylver\.gradle\caches\modules-2\files-2.1\org.springframework\spring-context\5.0.9.RELEASE\2501e55acb6c2e84667cda3f845d1d00a0dc4e05\spring-context-5.0.9.RELEASE.jar;C:\Users\Max Sylver\.gradle\caches\modules-2\files-2.1\org.springframework\spring-aop\5.0.9.RELEASE\98003b099697fe46b6bdf18c7e3f66d7a1381060\spring-aop-5.0.9.RELEASE.jar;C:\Users\Max Sylver\.gradle\caches\modules-2\files-2.1\org.springframework\spring-beans\5.0.9.RELEASE\65f56fdab1bb90ad059e314d2f2f4cf76f9bdbde\spring-beans-5.0.9.RELEASE.jar;C:\Users\Max Sylver\.gradle\caches\modules-2\files-2.1\org.springframework\spring-expression\5.0.9.RELEASE\1f9db5ff3a758102c0434cc3457aa47c50c39a4a\spring-expression-5.0.9.RELEASE.jar;C:\Users\Max Sylver\.gradle\caches\modules-2\files-2.1\org.springframework\spring-core\5.0.9.RELEASE\9f9a828936d81afd49a603bda9cc1aed863a0d85\spring-core-5.0.9.RELEASE.jar;C:\Users\Max Sylver\.gradle\caches\modules-2\files-2.1\org.xmlunit\xmlunit-core\2.5.1\4ffdb346572a7356f7521cd3119ce5287d2e339d\xmlunit-core-2.5.1.jar;C:\Users\Max Sylver\.gradle\caches\modules-2\files-2.1\org.springframework.boot\spring-boot-starter-logging\2.0.5.RELEASE\c353e0b9591d0765c687ff0a678478cbebfd5c23\spring-boot-starter-logging-2.0.5.RELEASE.jar;C:\Users\Max Sylver\.gradle\caches\modules-2\files-2.1\javax.annotation\javax.annotation-api\1.3.2\934c04d3cfef185a8008e7bf34331b79730a9d43\javax.annotation-api-1.3.2.jar;C:\Users\Max Sylver\.gradle\caches\modules-2\files-2.1\org.yaml\snakeyaml\1.19\2d998d3d674b172a588e54ab619854d073f555b5\snakeyaml-1.19.jar;C:\Users\Max Sylver\.gradle\caches\modules-2\files-2.1\com.fasterxml.jackson.datatype\jackson-datatype-jsr310\2.9.6\ea54f6193d224e5e5732bbd4262327eb465397c2\jackson-datatype-jsr310-2.9.6.jar;C:\Users\Max Sylver\.gradle\caches\modules-2\files-2.1\com.fasterxml.jackson.datatype\jackson-datatype-jdk8\2.9.6\456895fc91bf7180b216fead220373e6278230c9\jackson-datatype-jdk8-2.9.6.jar;C:\Users\Max Sylver\.gradle\caches\modules-2\files-2.1\com.fasterxml.jackson.module\jackson-module-parameter-names\2.9.6\129acd77a4b6ee30d62d3a0899b1344c8ec2bff8\jackson-module-parameter-names-2.9.6.jar;C:\Users\Max Sylver\.gradle\caches\modules-2\files-2.1\com.fasterxml.jackson.core\jackson-databind\2.9.6\cfa4f316351a91bfd95cb0644c6a2c95f52db1fc\jackson-databind-2.9.6.jar;C:\Users\Max Sylver\.gradle\caches\modules-2\files-2.1\org.hdrhistogram\HdrHistogram\2.1.10\9e1ac84eed220281841b75e72fb9de5a297fbf04\HdrHistogram-2.1.10.jar;C:\Users\Max Sylver\.gradle\caches\modules-2\files-2.1\org.latencyutils\LatencyUtils\2.0.3\769c0b82cb2421c8256300e907298a9410a2a3d3\LatencyUtils-2.0.3.jar;C:\Users\Max Sylver\.gradle\caches\modules-2\files-2.1\org.apache.tomcat.embed\tomcat-embed-websocket\8.5.34\5f86906367c2540b21e6aeecc277d2ce9ec939b0\tomcat-embed-websocket-8.5.34.jar;C:\Users\Max Sylver\.gradle\caches\modules-2\files-2.1\org.apache.tomcat.embed\tomcat-embed-core\8.5.34\a038040d68a90397f95dd1e11b979fe364a5000f\tomcat-embed-core-8.5.34.jar;C:\Users\Max Sylver\.gradle\caches\modules-2\files-2.1\org.apache.tomcat.embed\tomcat-embed-el\8.5.34\be71a9a5bdd001db7cf97c47429eec0bdd3b7b88\tomcat-embed-el-8.5.34.jar;C:\Users\Max Sylver\.gradle\caches\modules-2\files-2.1\javax.validation\validation-api\2.0.1.Final\cb855558e6271b1b32e716d24cb85c7f583ce09e\validation-api-2.0.1.Final.jar;C:\Users\Max Sylver\.gradle\caches\modules-2\files-2.1\org.jboss.logging\jboss-logging\3.3.2.Final\3789d00e859632e6c6206adc0c71625559e6e3b0\jboss-logging-3.3.2.Final.jar;C:\Users\Max Sylver\.gradle\caches\modules-2\files-2.1\com.fasterxml\classmate\1.3.4\3d5f48f10bbe4eb7bd862f10c0583be2e0053c6\classmate-1.3.4.jar;C:\Users\Max Sylver\.gradle\caches\modules-2\files-2.1\net.minidev\json-smart\2.3\7396407491352ce4fa30de92efb158adb76b5b\json-smart-2.3.jar;C:\Users\Max Sylver\.gradle\caches\modules-2\files-2.1\ch.qos.logback\logback-classic\1.2.3\7c4f3c474fb2c041d8028740440937705ebb473a\logback-classic-1.2.3.jar;C:\Users\Max Sylver\.gradle\caches\modules-2\files-2.1\org.apache.logging.log4j\log4j-to-slf4j\2.10.0\f7e631ccf49cfc0aefa4a2a728da7d374c05bd3c\log4j-to-slf4j-2.10.0.jar;C:\Users\Max Sylver\.gradle\caches\modules-2\files-2.1\org.slf4j\jul-to-slf4j\1.7.25\af5364cd6679bfffb114f0dec8a157aaa283b76\jul-to-slf4j-1.7.25.jar;C:\Users\Max Sylver\.gradle\caches\modules-2\files-2.1\org.slf4j\slf4j-api\1.7.25\da76ca59f6a57ee3102f8f9bd9cee742973efa8a\slf4j-api-1.7.25.jar;C:\Users\Max Sylver\.gradle\caches\modules-2\files-2.1\net.bytebuddy\byte-buddy\1.7.11\f02857a4e2c66ccbe7aaad6100a0a6c461bce9b3\byte-buddy-1.7.11.jar;C:\Users\Max Sylver\.gradle\caches\modules-2\files-2.1\net.bytebuddy\byte-buddy-agent\1.7.11\b425a8933ca07edd03c6dbc8bc3b595fba9780de\byte-buddy-agent-1.7.11.jar;C:\Users\Max Sylver\.gradle\caches\modules-2\files-2.1\org.objenesis\objenesis\2.6\639033469776fd37c08358c6b92a4761feb2af4b\objenesis-2.6.jar;C:\Users\Max Sylver\.gradle\caches\modules-2\files-2.1\com.vaadin.external.google\android-json\0.0.20131108.vaadin1\fa26d351fe62a6a17f5cda1287c1c6110dec413f\android-json-0.0.20131108.vaadin1.jar;C:\Users\Max Sylver\.gradle\caches\modules-2\files-2.1\org.springframework\spring-jcl\5.0.9.RELEASE\bc3b5aaae53f0bc03647e53ecbd98a05b47a4e90\spring-jcl-5.0.9.RELEASE.jar;C:\Users\Max Sylver\.gradle\caches\modules-2\files-2.1\com.fasterxml.jackson.core\jackson-annotations\2.9.0\7c10d545325e3a6e72e06381afe469fd40eb701\jackson-annotations-2.9.0.jar;C:\Users\Max Sylver\.gradle\caches\modules-2\files-2.1\com.fasterxml.jackson.core\jackson-core\2.9.6\4e393793c37c77e042ccc7be5a914ae39251b365\jackson-core-2.9.6.jar;C:\Users\Max Sylver\.gradle\caches\modules-2\files-2.1\net.minidev\accessors-smart\1.2\c592b500269bfde36096641b01238a8350f8aa31\accessors-smart-1.2.jar;C:\Users\Max Sylver\.gradle\caches\modules-2\files-2.1\ch.qos.logback\logback-core\1.2.3\864344400c3d4d92dfeb0a305dc87d953677c03c\logback-core-1.2.3.jar;C:\Users\Max Sylver\.gradle\caches\modules-2\files-2.1\org.apache.logging.log4j\log4j-api\2.10.0\fec5797a55b786184a537abd39c3fa1449d752d6\log4j-api-2.10.0.jar;C:\Users\Max Sylver\.gradle\caches\modules-2\files-2.1\org.ow2.asm\asm\5.0.4\da08b8cce7bbf903602a25a3a163ae252435795\asm-5.0.4.jar, java.vm.vendor="Oracle Corporation", sun.arch.data.model=64, user.variant=, java.vendor.url=http://java.oracle.com/, user.timezone=America/Cayenne, os.name=Windows 10, java.vm.specification.version=10, user.country=US, sun.java.launcher=SUN_STANDARD, sun.boot.library.path=C:\Program Files\Java\jdk-10.0.1\bin, sun.java.command=worker.org.gradle.process.internal.worker.GradleWorkerMain 'Gradle Test Executor 27', jdk.debug=release, sun.cpu.endian=little, user.home=C:\Users\Max Sylver, user.language=en, java.specification.vendor=Oracle Corporation, org.gradle.native=false, java.version.date=2018-04-17, java.home=C:\Program Files\Java\jdk-10.0.1, file.separator=\, java.vm.compressedOopsMode=32-bit, line.separator=
, java.specification.name=Java Platform API Specification, java.vm.specification.vendor=Oracle Corporation, java.awt.graphicsenv=sun.awt.Win32GraphicsEnvironment, user.script=, sun.management.compiler=HotSpot 64-Bit Tiered Compilers, java.runtime.version=10.0.1+10, user.name=Max Sylver, path.separator=;, os.version=10.0, java.runtime.name=Java(TM) SE Runtime Environment, file.encoding=windows-1252, java.vm.name=Java HotSpot(TM) 64-Bit Server VM, java.vendor.version=18.3, java.vendor.url.bug=http://bugreport.java.com/bugreport/, java.io.tmpdir=C:\Users\MAXSYL~1\AppData\Local\Temp\, java.version=10.0.1, user.dir=N:\_Work\produtoragrotest, os.arch=amd64, java.vm.specification.name=Java Virtual Machine Specification, java.awt.printerjob=sun.awt.windows.WPrinterJob, sun.os.patch.level=, java.library.path=C:\Program Files\Java\jdk-10.0.1\bin;C:\WINDOWS\Sun\Java\bin;C:\WINDOWS\system32;C:\WINDOWS;C:\Python27\;C:\Python27\Scripts;C:\Program Files (x86)\Common Files\Oracle\Java\javapath;C:\Windows\system32;C:\Windows;C:\Windows\System32\Wbem;C:\Windows\System32\WindowsPowerShell\v1.0\;C:\Program Files (x86)\NVIDIA Corporation\PhysX\Common;C:\Program Files\Git\cmd;C:\ProgramData\chocolatey\bin;C:\Go\bin;C:\Program Files\dotnet\;C:\Program Files\CMake\bin;C:\Aseprite\ninja-win\ninja.exe;;C:\WINDOWS\system32;C:\WINDOWS;C:\WINDOWS\System32\Wbem;C:\WINDOWS\System32\WindowsPowerShell\v1.0\;C:\WINDOWS\System32\OpenSSH\;C:\Program Files\Microsoft VS Code\bin;C:\Program Files (x86)\Yarn\bin\;C:\Program Files\Java\jdk1.8.0_181\bin;C:\Program Files\nodejs\;C:\Ruby24-x64\bin;C:\Users\Max Sylver\AppData\Local\Programs\Python\Python37-32\Scripts\;C:\Users\Max Sylver\AppData\Local\Programs\Python\Python37-32\;C:\Python27\Scripts;C:\Python27;C:\Users\Max Sylver\AppData\Local\Microsoft\WindowsApps;C:\Program Files\Microsoft VS Code\bin;C:\Users\Max Sylver\go\bin;C:\Program Files\heroku\bin;C:\Exercism;C:\Users\Max Sylver\AppData\Local\Android\Sdk\platform-tools;C:\Users\Max Sylver\AppData\Local\Yarn\bin;C:\Aseprite\ninja-win;C:\Users\Max Sylver\AppData\Roaming\npm;., java.vendor=Oracle Corporation, java.vm.info=mixed mode, java.vm.version=10.0.1+10, sun.io.unicode.encoding=UnicodeLittle, java.class.version=54.0}}, SystemEnvironmentPropertySource@1413029099 {name='systemEnvironment', properties={USERDOMAIN_ROAMINGPROFILE=DESKTOP-0P4U7KI, PROCESSOR_LEVEL=6, SESSIONNAME=Console, ALLUSERSPROFILE=C:\ProgramData, CORONA_SDK_PATH=C:\Program Files (x86)\Corona Labs\Corona\, PROCESSOR_ARCHITECTURE=AMD64, ANDROID_HOME=C:\Users\Max Sylver\AppData\Local\Android\Sdk, PSModulePath=C:\Program Files\WindowsPowerShell\Modules;C:\WINDOWS\system32\WindowsPowerShell\v1.0\Modules, SystemDrive=C:, AV_APPDATA=C:\Users\MAXSYL~1\AppData\Roaming, Ninja=C:\Aseprite\ninja-win\ninja.exe, DIRNAME=N:\_Work\produtoragrotest\, USERNAME=Max Sylver, CMD_LINE_ARGS=build, ProgramFiles(x86)=C:\Program Files (x86), CMDER_ROOT=C:\Cmder, FPS_BROWSER_USER_PROFILE_STRING=Default, APP_HOME=N:\_Work\produtoragrotest\, PATHEXT=.COM;.EXE;.BAT;.CMD;.VBS;.VBE;.JS;.JSE;.WSF;.WSH;.MSC;.RB;.RBW, DriverData=C:\Windows\System32\Drivers\DriverData, =N:=N:\_Work\produtoragrotest, GOPATH=C:\Users\Max Sylver\go, ProgramData=C:\ProgramData, ProgramW6432=C:\Program Files, HOMEPATH=\Users\Max Sylver, PROCESSOR_IDENTIFIER=Intel64 Family 6 Model 58 Stepping 9, GenuineIntel, CORONA_PATH=C:\Program Files (x86)\Corona Labs\Corona\, ProgramFiles=C:\Program Files, PUBLIC=C:\Users\Public, windir=C:\WINDOWS, =::=::\, _SKIP=2, LOCALAPPDATA=C:\Users\Max Sylver\AppData\Local, ChocolateyLastPathUpdate=Sun Sep 30 22:03:22 2018, USERDOMAIN=DESKTOP-0P4U7KI, FPS_BROWSER_APP_PROFILE_STRING=Internet Explorer, LOGONSERVER=\\DESKTOP-0P4U7KI, JAVA_HOME=C:\Program Files\Java\jdk-10.0.1, PROMPT=$P$G, OneDrive=C:\Users\Max Sylver\OneDrive, APPDATA=C:\Users\Max Sylver\AppData\Roaming, JAVA_EXE=C:\Program Files\Java\jdk-10.0.1/bin/java.exe, ChocolateyInstall=C:\ProgramData\chocolatey, CommonProgramFiles=C:\Program Files\Common Files, Path=C:\Python27\;C:\Python27\Scripts;C:\Program Files (x86)\Common Files\Oracle\Java\javapath;C:\Windows\system32;C:\Windows;C:\Windows\System32\Wbem;C:\Windows\System32\WindowsPowerShell\v1.0\;C:\Program Files (x86)\NVIDIA Corporation\PhysX\Common;C:\Program Files\Git\cmd;C:\ProgramData\chocolatey\bin;C:\Go\bin;C:\Program Files\dotnet\;C:\Program Files\CMake\bin;C:\Aseprite\ninja-win\ninja.exe;;C:\WINDOWS\system32;C:\WINDOWS;C:\WINDOWS\System32\Wbem;C:\WINDOWS\System32\WindowsPowerShell\v1.0\;C:\WINDOWS\System32\OpenSSH\;C:\Program Files\Microsoft VS Code\bin;C:\Program Files (x86)\Yarn\bin\;C:\Program Files\Java\jdk1.8.0_181\bin;C:\Program Files\nodejs\;C:\Ruby24-x64\bin;C:\Users\Max Sylver\AppData\Local\Programs\Python\Python37-32\Scripts\;C:\Users\Max Sylver\AppData\Local\Programs\Python\Python37-32\;C:\Python27\Scripts;C:\Python27;C:\Users\Max Sylver\AppData\Local\Microsoft\WindowsApps;C:\Program Files\Microsoft VS Code\bin;C:\Users\Max Sylver\go\bin;C:\Program Files\heroku\bin;C:\Exercism;C:\Users\Max Sylver\AppData\Local\Android\Sdk\platform-tools;C:\Users\Max Sylver\AppData\Local\Yarn\bin;C:\Aseprite\ninja-win;C:\Users\Max Sylver\AppData\Roaming\npm, OS=Windows_NT, COMPUTERNAME=DESKTOP-0P4U7KI, PROCESSOR_REVISION=3a09, CLASSPATH=N:\_Work\produtoragrotest\\gradle\wrapper\gradle-wrapper.jar, CommonProgramW6432=C:\Program Files\Common Files, GOROOT=C:\Go\, ComSpec=C:\WINDOWS\system32\cmd.exe, APP_BASE_NAME=gradlew, RUBYOPT=-Eutf-8, SystemRoot=C:\WINDOWS, TEMP=C:\Users\MAXSYL~1\AppData\Local\Temp, HOMEDRIVE=C:, USERPROFILE=C:\Users\Max Sylver, TMP=C:\Users\MAXSYL~1\AppData\Local\Temp, CommonProgramFiles(x86)=C:\Program Files (x86)\Common Files, CORONA_ROOT=C:\Program Files (x86)\Corona Labs\Corona\Native, NUMBER_OF_PROCESSORS=4}}]
21:17:37.130 [Test worker] DEBUG org.springframework.core.io.support.PathMatchingResourcePatternResolver - Resolved classpath location [api/] to resources [URL [file:/N:/_Work/produtoragrotest/build/classes/java/test/api/], URL [file:/N:/_Work/produtoragrotest/build/classes/java/main/api/]]
21:17:37.131 [Test worker] DEBUG org.springframework.core.io.support.PathMatchingResourcePatternResolver - Looking for matching resources in directory tree [N:\_Work\produtoragrotest\build\classes\java\test\api]
21:17:37.131 [Test worker] DEBUG org.springframework.core.io.support.PathMatchingResourcePatternResolver - Searching directory [N:\_Work\produtoragrotest\build\classes\java\test\api] for files matching pattern [N:/_Work/produtoragrotest/build/classes/java/test/api/*.class]
21:17:37.135 [Test worker] DEBUG org.springframework.core.io.support.PathMatchingResourcePatternResolver - Looking for matching resources in directory tree [N:\_Work\produtoragrotest\build\classes\java\main\api]
21:17:37.136 [Test worker] DEBUG org.springframework.core.io.support.PathMatchingResourcePatternResolver - Searching directory [N:\_Work\produtoragrotest\build\classes\java\main\api] for files matching pattern [N:/_Work/produtoragrotest/build/classes/java/main/api/*.class]
21:17:37.137 [Test worker] DEBUG org.springframework.core.io.support.PathMatchingResourcePatternResolver - Resolved location pattern [classpath*:api/*.class] to resources [file [N:\_Work\produtoragrotest\build\classes\java\test\api\RestTest.class], file [N:\_Work\produtoragrotest\build\classes\java\main\api\App.class], file [N:\_Work\produtoragrotest\build\classes\java\main\api\Rest.class]]
21:17:37.178 [Test worker] DEBUG org.springframework.context.annotation.ClassPathScanningCandidateComponentProvider - Identified candidate component class: file [N:\_Work\produtoragrotest\build\classes\java\main\api\App.class]
21:17:37.187 [Test worker] INFO org.springframework.boot.test.context.SpringBootTestContextBootstrapper - Found @SpringBootConfiguration api.App for test class api.RestTest
21:17:37.335 [Test worker] DEBUG org.springframework.boot.test.context.SpringBootTestContextBootstrapper - @TestExecutionListeners is not present for class [api.RestTest]: using defaults.
21:17:37.336 [Test worker] INFO org.springframework.boot.test.context.SpringBootTestContextBootstrapper - Loaded default TestExecutionListener class names from location [META-INF/spring.factories]: [org.springframework.boot.test.autoconfigure.restdocs.RestDocsTestExecutionListener, org.springframework.boot.test.autoconfigure.web.client.MockRestServiceServerResetTestExecutionListener, org.springframework.boot.test.autoconfigure.web.servlet.MockMvcPrintOnlyOnFailureTestExecutionListener, org.springframework.boot.test.autoconfigure.web.servlet.WebDriverTestExecutionListener, org.springframework.boot.test.mock.mockito.MockitoTestExecutionListener, org.springframework.boot.test.mock.mockito.ResetMocksTestExecutionListener, org.springframework.test.context.web.ServletTestExecutionListener, org.springframework.test.context.support.DirtiesContextBeforeModesTestExecutionListener, org.springframework.test.context.support.DependencyInjectionTestExecutionListener, org.springframework.test.context.support.DirtiesContextTestExecutionListener, org.springframework.test.context.transaction.TransactionalTestExecutionListener, org.springframework.test.context.jdbc.SqlScriptsTestExecutionListener]
21:17:37.348 [Test worker] DEBUG org.springframework.boot.test.context.SpringBootTestContextBootstrapper - Skipping candidate TestExecutionListener [org.springframework.test.context.transaction.TransactionalTestExecutionListener] due to a missing dependency. Specify custom listener classes or make the default listener classes and their required dependencies available. Offending class: [org/springframework/transaction/interceptor/TransactionAttributeSource]
21:17:37.348 [Test worker] DEBUG org.springframework.boot.test.context.SpringBootTestContextBootstrapper - Skipping candidate TestExecutionListener [org.springframework.test.context.jdbc.SqlScriptsTestExecutionListener] due to a missing dependency. Specify custom listener classes or make the default listener classes and their required dependencies available. Offending class: [org/springframework/transaction/interceptor/TransactionAttribute]
21:17:37.349 [Test worker] INFO org.springframework.boot.test.context.SpringBootTestContextBootstrapper - Using TestExecutionListeners: [org.springframework.test.context.web.ServletTestExecutionListener@4ffbeb11, org.springframework.test.context.support.DirtiesContextBeforeModesTestExecutionListener@2a0ffc4f, org.springframework.boot.test.mock.mockito.MockitoTestExecutionListener@458b3a96, org.springframework.boot.test.autoconfigure.SpringBootDependencyInjectionTestExecutionListener@7a386c15, org.springframework.test.context.support.DirtiesContextTestExecutionListener@6a0bb320, org.springframework.boot.test.autoconfigure.restdocs.RestDocsTestExecutionListener@3fb3d7aa, org.springframework.boot.test.autoconfigure.web.client.MockRestServiceServerResetTestExecutionListener@23700540, org.springframework.boot.test.autoconfigure.web.servlet.MockMvcPrintOnlyOnFailureTestExecutionListener@1a118dff, org.springframework.boot.test.autoconfigure.web.servlet.WebDriverTestExecutionListener@2db4bf2e, org.springframework.boot.test.mock.mockito.ResetMocksTestExecutionListener@c1b23b5]
21:17:37.352 [Test worker] DEBUG org.springframework.test.annotation.ProfileValueUtils - Retrieved @ProfileValueSourceConfiguration [null] for test class [api.RestTest]
21:17:37.353 [Test worker] DEBUG org.springframework.test.annotation.ProfileValueUtils - Retrieved ProfileValueSource type [class org.springframework.test.annotation.SystemProfileValueSource] for class [api.RestTest]
21:17:37.354 [Test worker] DEBUG org.springframework.test.annotation.ProfileValueUtils - Retrieved @ProfileValueSourceConfiguration [null] for test class [api.RestTest]
21:17:37.355 [Test worker] DEBUG org.springframework.test.annotation.ProfileValueUtils - Retrieved ProfileValueSource type [class org.springframework.test.annotation.SystemProfileValueSource] for class [api.RestTest]
21:17:37.360 [Test worker] DEBUG org.springframework.test.context.support.AbstractDirtiesContextTestExecutionListener - Before test class: context [DefaultTestContext@2b586541 testClass = RestTest, testInstance = [null], testMethod = [null], testException = [null], mergedContextConfiguration = [WebMergedContextConfiguration@73a362c2 testClass = RestTest, locations = '{}', classes = '{class api.App}', contextInitializerClasses = '[]', activeProfiles = '{}', propertySourceLocations = '{}', propertySourceProperties = '{org.springframework.boot.test.context.SpringBootTestContextBootstrapper=true}', contextCustomizers = set[org.springframework.boot.test.autoconfigure.properties.PropertyMappingContextCustomizer@e7e8512, org.springframework.boot.test.autoconfigure.web.servlet.WebDriverContextCustomizerFactory$Customizer@5841c529, [ImportsContextCustomizer@41f1455d key = [org.springframework.boot.test.autoconfigure.web.servlet.MockMvcAutoConfiguration, org.springframework.boot.test.autoconfigure.web.servlet.MockMvcSecurityAutoConfiguration, org.springframework.boot.test.autoconfigure.web.servlet.MockMvcWebClientAutoConfiguration, org.springframework.boot.test.autoconfigure.web.servlet.MockMvcWebDriverAutoConfiguration]], org.springframework.boot.test.context.filter.ExcludeFilterContextCustomizer@82d97db, org.springframework.boot.test.json.DuplicateJsonObjectContextCustomizerFactory$DuplicateJsonObjectContextCustomizer@19d09e38, org.springframework.boot.test.mock.mockito.MockitoContextCustomizer@0, org.springframework.boot.test.web.client.TestRestTemplateContextCustomizer@5f33eb1f], resourceBasePath = 'src/main/webapp', contextLoader = 'org.springframework.boot.test.context.SpringBootContextLoader', parent = [null]], attributes = map['org.springframework.test.context.web.ServletTestExecutionListener.activateListener' -> true]], class annotated with @DirtiesContext [false] with mode [null].
21:17:37.362 [Test worker] DEBUG org.springframework.test.annotation.ProfileValueUtils - Retrieved @ProfileValueSourceConfiguration [null] for test class [api.RestTest]
21:17:37.362 [Test worker] DEBUG org.springframework.test.annotation.ProfileValueUtils - Retrieved ProfileValueSource type [class org.springframework.test.annotation.SystemProfileValueSource] for class [api.RestTest]
21:17:37.384 [Test worker] DEBUG org.springframework.core.env.StandardEnvironment - Adding PropertySource 'systemProperties' with lowest search precedence
21:17:37.385 [Test worker] DEBUG org.springframework.core.env.StandardEnvironment - Adding PropertySource 'systemEnvironment' with lowest search precedence
21:17:37.386 [Test worker] DEBUG org.springframework.core.env.StandardEnvironment - Initialized StandardEnvironment with PropertySources [MapPropertySource@1144707518 {name='systemProperties', properties={sun.desktop=windows, awt.toolkit=sun.awt.windows.WToolkit, java.specification.version=10, file.encoding.pkg=sun.io, sun.cpu.isalist=amd64, sun.jnu.encoding=Cp1252, org.gradle.test.worker=27, java.class.path=C:\Users\Max Sylver\.gradle\caches\4.8\workerMain\gradle-worker.jar;N:\_Work\produtoragrotest\build\classes\java\test;N:\_Work\produtoragrotest\build\resources\test;N:\_Work\produtoragrotest\build\classes\java\main;N:\_Work\produtoragrotest\build\resources\main;C:\Users\Max Sylver\.gradle\caches\modules-2\files-2.1\org.apache.commons\commons-csv\1.5\e10f140af5b82167640f254fa9d88e35ad74329c\commons-csv-1.5.jar;C:\Users\Max Sylver\.gradle\caches\modules-2\files-2.1\org.springframework.boot\spring-boot-starter-actuator\2.0.5.RELEASE\d5153c71f55aa39593fb6295790aad7cd81ef296\spring-boot-starter-actuator-2.0.5.RELEASE.jar;C:\Users\Max Sylver\.gradle\caches\modules-2\files-2.1\org.springframework.boot\spring-boot-starter-web\2.0.5.RELEASE\52daa1f1509bd637a737206e54c06a17aabb9504\spring-boot-starter-web-2.0.5.RELEASE.jar;C:\Users\Max Sylver\.gradle\caches\modules-2\files-2.1\org.springframework.boot\spring-boot-starter-test\2.0.5.RELEASE\ab04ca2e76f6a8e786001352a81a10e4b0e7fbc8\spring-boot-starter-test-2.0.5.RELEASE.jar;C:\Users\Max Sylver\.gradle\caches\modules-2\files-2.1\junit\junit\4.12\2973d150c0dc1fefe998f834810d68f278ea58ec\junit-4.12.jar;C:\Users\Max Sylver\.gradle\caches\modules-2\files-2.1\org.springframework.boot\spring-boot-starter-json\2.0.5.RELEASE\d0052ded4733ceb1fb7d927238f22f9a92099227\spring-boot-starter-json-2.0.5.RELEASE.jar;C:\Users\Max Sylver\.gradle\caches\modules-2\files-2.1\org.springframework.boot\spring-boot-starter\2.0.5.RELEASE\1f53487a373be18d064a5815e9bac9882ef15cdc\spring-boot-starter-2.0.5.RELEASE.jar;C:\Users\Max Sylver\.gradle\caches\modules-2\files-2.1\org.springframework.boot\spring-boot-actuator-autoconfigure\2.0.5.RELEASE\b29cda343b80e9294646070a5e0d353c3f9f01d1\spring-boot-actuator-autoconfigure-2.0.5.RELEASE.jar;C:\Users\Max Sylver\.gradle\caches\modules-2\files-2.1\io.micrometer\micrometer-core\1.0.6\50299bc8a34c251d62311bbb1a297f3942a82e42\micrometer-core-1.0.6.jar;C:\Users\Max Sylver\.gradle\caches\modules-2\files-2.1\org.springframework.boot\spring-boot-starter-tomcat\2.0.5.RELEASE\eaac8a5d73b45400bc88cd7f6b5c99b5f0d5e9b7\spring-boot-starter-tomcat-2.0.5.RELEASE.jar;C:\Users\Max Sylver\.gradle\caches\modules-2\files-2.1\org.hibernate.validator\hibernate-validator\6.0.12.Final\478003e61b056c1f97840ba3e62ff31cdc89597\hibernate-validator-6.0.12.Final.jar;C:\Users\Max Sylver\.gradle\caches\modules-2\files-2.1\org.springframework\spring-webmvc\5.0.9.RELEASE\c18346caaeb8dc648c4cc01874996fd9fef76664\spring-webmvc-5.0.9.RELEASE.jar;C:\Users\Max Sylver\.gradle\caches\modules-2\files-2.1\org.springframework\spring-web\5.0.9.RELEASE\1ea3aab93340849313fa74ec626ddaf1fff9ed8e\spring-web-5.0.9.RELEASE.jar;C:\Users\Max Sylver\.gradle\caches\modules-2\files-2.1\org.springframework.boot\spring-boot-test-autoconfigure\2.0.5.RELEASE\54d5e8f9e88c6236fe164474f0aed5a8a1052c43\spring-boot-test-autoconfigure-2.0.5.RELEASE.jar;C:\Users\Max Sylver\.gradle\caches\modules-2\files-2.1\org.springframework.boot\spring-boot-test\2.0.5.RELEASE\ce6353f33217982357a6bdba6576015ea333304c\spring-boot-test-2.0.5.RELEASE.jar;C:\Users\Max Sylver\.gradle\caches\modules-2\files-2.1\com.jayway.jsonpath\json-path\2.4.0\765a4401ceb2dc8d40553c2075eb80a8fa35c2ae\json-path-2.4.0.jar;C:\Users\Max Sylver\.gradle\caches\modules-2\files-2.1\org.assertj\assertj-core\3.9.1\c5ce126b15f28d56cd8f960c1a6a058b9c9aea87\assertj-core-3.9.1.jar;C:\Users\Max Sylver\.gradle\caches\modules-2\files-2.1\org.mockito\mockito-core\2.15.0\b84bfbbc29cd22c9529409627af6ea2897f4fa85\mockito-core-2.15.0.jar;C:\Users\Max Sylver\.gradle\caches\modules-2\files-2.1\org.hamcrest\hamcrest-library\1.3\4785a3c21320980282f9f33d0d1264a69040538f\hamcrest-library-1.3.jar;C:\Users\Max Sylver\.gradle\caches\modules-2\files-2.1\org.hamcrest\hamcrest-core\1.3\42a25dc3219429f0e5d060061f71acb49bf010a0\hamcrest-core-1.3.jar;C:\Users\Max Sylver\.gradle\caches\modules-2\files-2.1\org.skyscreamer\jsonassert\1.5.0\6c9d5fe2f59da598d9aefc1cfc6528ff3cf32df3\jsonassert-1.5.0.jar;C:\Users\Max Sylver\.gradle\caches\modules-2\files-2.1\org.springframework\spring-test\5.0.9.RELEASE\218c8648f898453be92d550252e0ce2a84b54375\spring-test-5.0.9.RELEASE.jar;C:\Users\Max Sylver\.gradle\caches\modules-2\files-2.1\org.springframework.boot\spring-boot-autoconfigure\2.0.5.RELEASE\e5588642799e0c0c04638e255c3d3f31ba400ff4\spring-boot-autoconfigure-2.0.5.RELEASE.jar;C:\Users\Max Sylver\.gradle\caches\modules-2\files-2.1\org.springframework.boot\spring-boot-actuator\2.0.5.RELEASE\7daa40cc91678aee37009b595c4cee4b05de3d68\spring-boot-actuator-2.0.5.RELEASE.jar;C:\Users\Max Sylver\.gradle\caches\modules-2\files-2.1\org.springframework.boot\spring-boot\2.0.5.RELEASE\19a4624cbd89a318d10c79f289c6c816043850fb\spring-boot-2.0.5.RELEASE.jar;C:\Users\Max Sylver\.gradle\caches\modules-2\files-2.1\org.springframework\spring-context\5.0.9.RELEASE\2501e55acb6c2e84667cda3f845d1d00a0dc4e05\spring-context-5.0.9.RELEASE.jar;C:\Users\Max Sylver\.gradle\caches\modules-2\files-2.1\org.springframework\spring-aop\5.0.9.RELEASE\98003b099697fe46b6bdf18c7e3f66d7a1381060\spring-aop-5.0.9.RELEASE.jar;C:\Users\Max Sylver\.gradle\caches\modules-2\files-2.1\org.springframework\spring-beans\5.0.9.RELEASE\65f56fdab1bb90ad059e314d2f2f4cf76f9bdbde\spring-beans-5.0.9.RELEASE.jar;C:\Users\Max Sylver\.gradle\caches\modules-2\files-2.1\org.springframework\spring-expression\5.0.9.RELEASE\1f9db5ff3a758102c0434cc3457aa47c50c39a4a\spring-expression-5.0.9.RELEASE.jar;C:\Users\Max Sylver\.gradle\caches\modules-2\files-2.1\org.springframework\spring-core\5.0.9.RELEASE\9f9a828936d81afd49a603bda9cc1aed863a0d85\spring-core-5.0.9.RELEASE.jar;C:\Users\Max Sylver\.gradle\caches\modules-2\files-2.1\org.xmlunit\xmlunit-core\2.5.1\4ffdb346572a7356f7521cd3119ce5287d2e339d\xmlunit-core-2.5.1.jar;C:\Users\Max Sylver\.gradle\caches\modules-2\files-2.1\org.springframework.boot\spring-boot-starter-logging\2.0.5.RELEASE\c353e0b9591d0765c687ff0a678478cbebfd5c23\spring-boot-starter-logging-2.0.5.RELEASE.jar;C:\Users\Max Sylver\.gradle\caches\modules-2\files-2.1\javax.annotation\javax.annotation-api\1.3.2\934c04d3cfef185a8008e7bf34331b79730a9d43\javax.annotation-api-1.3.2.jar;C:\Users\Max Sylver\.gradle\caches\modules-2\files-2.1\org.yaml\snakeyaml\1.19\2d998d3d674b172a588e54ab619854d073f555b5\snakeyaml-1.19.jar;C:\Users\Max Sylver\.gradle\caches\modules-2\files-2.1\com.fasterxml.jackson.datatype\jackson-datatype-jsr310\2.9.6\ea54f6193d224e5e5732bbd4262327eb465397c2\jackson-datatype-jsr310-2.9.6.jar;C:\Users\Max Sylver\.gradle\caches\modules-2\files-2.1\com.fasterxml.jackson.datatype\jackson-datatype-jdk8\2.9.6\456895fc91bf7180b216fead220373e6278230c9\jackson-datatype-jdk8-2.9.6.jar;C:\Users\Max Sylver\.gradle\caches\modules-2\files-2.1\com.fasterxml.jackson.module\jackson-module-parameter-names\2.9.6\129acd77a4b6ee30d62d3a0899b1344c8ec2bff8\jackson-module-parameter-names-2.9.6.jar;C:\Users\Max Sylver\.gradle\caches\modules-2\files-2.1\com.fasterxml.jackson.core\jackson-databind\2.9.6\cfa4f316351a91bfd95cb0644c6a2c95f52db1fc\jackson-databind-2.9.6.jar;C:\Users\Max Sylver\.gradle\caches\modules-2\files-2.1\org.hdrhistogram\HdrHistogram\2.1.10\9e1ac84eed220281841b75e72fb9de5a297fbf04\HdrHistogram-2.1.10.jar;C:\Users\Max Sylver\.gradle\caches\modules-2\files-2.1\org.latencyutils\LatencyUtils\2.0.3\769c0b82cb2421c8256300e907298a9410a2a3d3\LatencyUtils-2.0.3.jar;C:\Users\Max Sylver\.gradle\caches\modules-2\files-2.1\org.apache.tomcat.embed\tomcat-embed-websocket\8.5.34\5f86906367c2540b21e6aeecc277d2ce9ec939b0\tomcat-embed-websocket-8.5.34.jar;C:\Users\Max Sylver\.gradle\caches\modules-2\files-2.1\org.apache.tomcat.embed\tomcat-embed-core\8.5.34\a038040d68a90397f95dd1e11b979fe364a5000f\tomcat-embed-core-8.5.34.jar;C:\Users\Max Sylver\.gradle\caches\modules-2\files-2.1\org.apache.tomcat.embed\tomcat-embed-el\8.5.34\be71a9a5bdd001db7cf97c47429eec0bdd3b7b88\tomcat-embed-el-8.5.34.jar;C:\Users\Max Sylver\.gradle\caches\modules-2\files-2.1\javax.validation\validation-api\2.0.1.Final\cb855558e6271b1b32e716d24cb85c7f583ce09e\validation-api-2.0.1.Final.jar;C:\Users\Max Sylver\.gradle\caches\modules-2\files-2.1\org.jboss.logging\jboss-logging\3.3.2.Final\3789d00e859632e6c6206adc0c71625559e6e3b0\jboss-logging-3.3.2.Final.jar;C:\Users\Max Sylver\.gradle\caches\modules-2\files-2.1\com.fasterxml\classmate\1.3.4\3d5f48f10bbe4eb7bd862f10c0583be2e0053c6\classmate-1.3.4.jar;C:\Users\Max Sylver\.gradle\caches\modules-2\files-2.1\net.minidev\json-smart\2.3\7396407491352ce4fa30de92efb158adb76b5b\json-smart-2.3.jar;C:\Users\Max Sylver\.gradle\caches\modules-2\files-2.1\ch.qos.logback\logback-classic\1.2.3\7c4f3c474fb2c041d8028740440937705ebb473a\logback-classic-1.2.3.jar;C:\Users\Max Sylver\.gradle\caches\modules-2\files-2.1\org.apache.logging.log4j\log4j-to-slf4j\2.10.0\f7e631ccf49cfc0aefa4a2a728da7d374c05bd3c\log4j-to-slf4j-2.10.0.jar;C:\Users\Max Sylver\.gradle\caches\modules-2\files-2.1\org.slf4j\jul-to-slf4j\1.7.25\af5364cd6679bfffb114f0dec8a157aaa283b76\jul-to-slf4j-1.7.25.jar;C:\Users\Max Sylver\.gradle\caches\modules-2\files-2.1\org.slf4j\slf4j-api\1.7.25\da76ca59f6a57ee3102f8f9bd9cee742973efa8a\slf4j-api-1.7.25.jar;C:\Users\Max Sylver\.gradle\caches\modules-2\files-2.1\net.bytebuddy\byte-buddy\1.7.11\f02857a4e2c66ccbe7aaad6100a0a6c461bce9b3\byte-buddy-1.7.11.jar;C:\Users\Max Sylver\.gradle\caches\modules-2\files-2.1\net.bytebuddy\byte-buddy-agent\1.7.11\b425a8933ca07edd03c6dbc8bc3b595fba9780de\byte-buddy-agent-1.7.11.jar;C:\Users\Max Sylver\.gradle\caches\modules-2\files-2.1\org.objenesis\objenesis\2.6\639033469776fd37c08358c6b92a4761feb2af4b\objenesis-2.6.jar;C:\Users\Max Sylver\.gradle\caches\modules-2\files-2.1\com.vaadin.external.google\android-json\0.0.20131108.vaadin1\fa26d351fe62a6a17f5cda1287c1c6110dec413f\android-json-0.0.20131108.vaadin1.jar;C:\Users\Max Sylver\.gradle\caches\modules-2\files-2.1\org.springframework\spring-jcl\5.0.9.RELEASE\bc3b5aaae53f0bc03647e53ecbd98a05b47a4e90\spring-jcl-5.0.9.RELEASE.jar;C:\Users\Max Sylver\.gradle\caches\modules-2\files-2.1\com.fasterxml.jackson.core\jackson-annotations\2.9.0\7c10d545325e3a6e72e06381afe469fd40eb701\jackson-annotations-2.9.0.jar;C:\Users\Max Sylver\.gradle\caches\modules-2\files-2.1\com.fasterxml.jackson.core\jackson-core\2.9.6\4e393793c37c77e042ccc7be5a914ae39251b365\jackson-core-2.9.6.jar;C:\Users\Max Sylver\.gradle\caches\modules-2\files-2.1\net.minidev\accessors-smart\1.2\c592b500269bfde36096641b01238a8350f8aa31\accessors-smart-1.2.jar;C:\Users\Max Sylver\.gradle\caches\modules-2\files-2.1\ch.qos.logback\logback-core\1.2.3\864344400c3d4d92dfeb0a305dc87d953677c03c\logback-core-1.2.3.jar;C:\Users\Max Sylver\.gradle\caches\modules-2\files-2.1\org.apache.logging.log4j\log4j-api\2.10.0\fec5797a55b786184a537abd39c3fa1449d752d6\log4j-api-2.10.0.jar;C:\Users\Max Sylver\.gradle\caches\modules-2\files-2.1\org.ow2.asm\asm\5.0.4\da08b8cce7bbf903602a25a3a163ae252435795\asm-5.0.4.jar, java.vm.vendor="Oracle Corporation", sun.arch.data.model=64, user.variant=, java.vendor.url=http://java.oracle.com/, user.timezone=America/Cayenne, os.name=Windows 10, java.vm.specification.version=10, user.country=US, sun.java.launcher=SUN_STANDARD, sun.boot.library.path=C:\Program Files\Java\jdk-10.0.1\bin, sun.java.command=worker.org.gradle.process.internal.worker.GradleWorkerMain 'Gradle Test Executor 27', jdk.debug=release, sun.cpu.endian=little, user.home=C:\Users\Max Sylver, user.language=en, java.specification.vendor=Oracle Corporation, org.gradle.native=false, java.version.date=2018-04-17, java.home=C:\Program Files\Java\jdk-10.0.1, file.separator=\, java.vm.compressedOopsMode=32-bit, line.separator=
, java.specification.name=Java Platform API Specification, java.vm.specification.vendor=Oracle Corporation, java.awt.graphicsenv=sun.awt.Win32GraphicsEnvironment, user.script=, sun.management.compiler=HotSpot 64-Bit Tiered Compilers, java.runtime.version=10.0.1+10, user.name=Max Sylver, path.separator=;, os.version=10.0, java.runtime.name=Java(TM) SE Runtime Environment, file.encoding=windows-1252, java.vm.name=Java HotSpot(TM) 64-Bit Server VM, java.vendor.version=18.3, java.vendor.url.bug=http://bugreport.java.com/bugreport/, java.io.tmpdir=C:\Users\MAXSYL~1\AppData\Local\Temp\, java.version=10.0.1, user.dir=N:\_Work\produtoragrotest, os.arch=amd64, java.vm.specification.name=Java Virtual Machine Specification, java.awt.printerjob=sun.awt.windows.WPrinterJob, sun.os.patch.level=, java.library.path=C:\Program Files\Java\jdk-10.0.1\bin;C:\WINDOWS\Sun\Java\bin;C:\WINDOWS\system32;C:\WINDOWS;C:\Python27\;C:\Python27\Scripts;C:\Program Files (x86)\Common Files\Oracle\Java\javapath;C:\Windows\system32;C:\Windows;C:\Windows\System32\Wbem;C:\Windows\System32\WindowsPowerShell\v1.0\;C:\Program Files (x86)\NVIDIA Corporation\PhysX\Common;C:\Program Files\Git\cmd;C:\ProgramData\chocolatey\bin;C:\Go\bin;C:\Program Files\dotnet\;C:\Program Files\CMake\bin;C:\Aseprite\ninja-win\ninja.exe;;C:\WINDOWS\system32;C:\WINDOWS;C:\WINDOWS\System32\Wbem;C:\WINDOWS\System32\WindowsPowerShell\v1.0\;C:\WINDOWS\System32\OpenSSH\;C:\Program Files\Microsoft VS Code\bin;C:\Program Files (x86)\Yarn\bin\;C:\Program Files\Java\jdk1.8.0_181\bin;C:\Program Files\nodejs\;C:\Ruby24-x64\bin;C:\Users\Max Sylver\AppData\Local\Programs\Python\Python37-32\Scripts\;C:\Users\Max Sylver\AppData\Local\Programs\Python\Python37-32\;C:\Python27\Scripts;C:\Python27;C:\Users\Max Sylver\AppData\Local\Microsoft\WindowsApps;C:\Program Files\Microsoft VS Code\bin;C:\Users\Max Sylver\go\bin;C:\Program Files\heroku\bin;C:\Exercism;C:\Users\Max Sylver\AppData\Local\Android\Sdk\platform-tools;C:\Users\Max Sylver\AppData\Local\Yarn\bin;C:\Aseprite\ninja-win;C:\Users\Max Sylver\AppData\Roaming\npm;., java.vendor=Oracle Corporation, java.vm.info=mixed mode, java.vm.version=10.0.1+10, sun.io.unicode.encoding=UnicodeLittle, java.class.version=54.0}}, SystemEnvironmentPropertySource@1131827209 {name='systemEnvironment', properties={USERDOMAIN_ROAMINGPROFILE=DESKTOP-0P4U7KI, PROCESSOR_LEVEL=6, SESSIONNAME=Console, ALLUSERSPROFILE=C:\ProgramData, CORONA_SDK_PATH=C:\Program Files (x86)\Corona Labs\Corona\, PROCESSOR_ARCHITECTURE=AMD64, ANDROID_HOME=C:\Users\Max Sylver\AppData\Local\Android\Sdk, PSModulePath=C:\Program Files\WindowsPowerShell\Modules;C:\WINDOWS\system32\WindowsPowerShell\v1.0\Modules, SystemDrive=C:, AV_APPDATA=C:\Users\MAXSYL~1\AppData\Roaming, Ninja=C:\Aseprite\ninja-win\ninja.exe, DIRNAME=N:\_Work\produtoragrotest\, USERNAME=Max Sylver, CMD_LINE_ARGS=build, ProgramFiles(x86)=C:\Program Files (x86), CMDER_ROOT=C:\Cmder, FPS_BROWSER_USER_PROFILE_STRING=Default, APP_HOME=N:\_Work\produtoragrotest\, PATHEXT=.COM;.EXE;.BAT;.CMD;.VBS;.VBE;.JS;.JSE;.WSF;.WSH;.MSC;.RB;.RBW, DriverData=C:\Windows\System32\Drivers\DriverData, =N:=N:\_Work\produtoragrotest, GOPATH=C:\Users\Max Sylver\go, ProgramData=C:\ProgramData, ProgramW6432=C:\Program Files, HOMEPATH=\Users\Max Sylver, PROCESSOR_IDENTIFIER=Intel64 Family 6 Model 58 Stepping 9, GenuineIntel, CORONA_PATH=C:\Program Files (x86)\Corona Labs\Corona\, ProgramFiles=C:\Program Files, PUBLIC=C:\Users\Public, windir=C:\WINDOWS, =::=::\, _SKIP=2, LOCALAPPDATA=C:\Users\Max Sylver\AppData\Local, ChocolateyLastPathUpdate=Sun Sep 30 22:03:22 2018, USERDOMAIN=DESKTOP-0P4U7KI, FPS_BROWSER_APP_PROFILE_STRING=Internet Explorer, LOGONSERVER=\\DESKTOP-0P4U7KI, JAVA_HOME=C:\Program Files\Java\jdk-10.0.1, PROMPT=$P$G, OneDrive=C:\Users\Max Sylver\OneDrive, APPDATA=C:\Users\Max Sylver\AppData\Roaming, JAVA_EXE=C:\Program Files\Java\jdk-10.0.1/bin/java.exe, ChocolateyInstall=C:\ProgramData\chocolatey, CommonProgramFiles=C:\Program Files\Common Files, Path=C:\Python27\;C:\Python27\Scripts;C:\Program Files (x86)\Common Files\Oracle\Java\javapath;C:\Windows\system32;C:\Windows;C:\Windows\System32\Wbem;C:\Windows\System32\WindowsPowerShell\v1.0\;C:\Program Files (x86)\NVIDIA Corporation\PhysX\Common;C:\Program Files\Git\cmd;C:\ProgramData\chocolatey\bin;C:\Go\bin;C:\Program Files\dotnet\;C:\Program Files\CMake\bin;C:\Aseprite\ninja-win\ninja.exe;;C:\WINDOWS\system32;C:\WINDOWS;C:\WINDOWS\System32\Wbem;C:\WINDOWS\System32\WindowsPowerShell\v1.0\;C:\WINDOWS\System32\OpenSSH\;C:\Program Files\Microsoft VS Code\bin;C:\Program Files (x86)\Yarn\bin\;C:\Program Files\Java\jdk1.8.0_181\bin;C:\Program Files\nodejs\;C:\Ruby24-x64\bin;C:\Users\Max Sylver\AppData\Local\Programs\Python\Python37-32\Scripts\;C:\Users\Max Sylver\AppData\Local\Programs\Python\Python37-32\;C:\Python27\Scripts;C:\Python27;C:\Users\Max Sylver\AppData\Local\Microsoft\WindowsApps;C:\Program Files\Microsoft VS Code\bin;C:\Users\Max Sylver\go\bin;C:\Program Files\heroku\bin;C:\Exercism;C:\Users\Max Sylver\AppData\Local\Android\Sdk\platform-tools;C:\Users\Max Sylver\AppData\Local\Yarn\bin;C:\Aseprite\ninja-win;C:\Users\Max Sylver\AppData\Roaming\npm, OS=Windows_NT, COMPUTERNAME=DESKTOP-0P4U7KI, PROCESSOR_REVISION=3a09, CLASSPATH=N:\_Work\produtoragrotest\\gradle\wrapper\gradle-wrapper.jar, CommonProgramW6432=C:\Program Files\Common Files, GOROOT=C:\Go\, ComSpec=C:\WINDOWS\system32\cmd.exe, APP_BASE_NAME=gradlew, RUBYOPT=-Eutf-8, SystemRoot=C:\WINDOWS, TEMP=C:\Users\MAXSYL~1\AppData\Local\Temp, HOMEDRIVE=C:, USERPROFILE=C:\Users\Max Sylver, TMP=C:\Users\MAXSYL~1\AppData\Local\Temp, CommonProgramFiles(x86)=C:\Program Files (x86)\Common Files, CORONA_ROOT=C:\Program Files (x86)\Corona Labs\Corona\Native, NUMBER_OF_PROCESSORS=4}}]
21:17:37.389 [Test worker] DEBUG org.springframework.test.context.support.TestPropertySourceUtils - Adding inlined properties to environment: {spring.jmx.enabled=false, org.springframework.boot.test.context.SpringBootTestContextBootstrapper=true, server.port=-1}
21:17:37.390 [Test worker] DEBUG org.springframework.core.env.StandardEnvironment - Adding PropertySource 'Inlined Test Properties' with highest search precedence

  .   ____          _            __ _ _
 /\\ / ___'_ __ _ _(_)_ __  __ _ \ \ \ \
( ( )\___ | '_ | '_| | '_ \/ _` | \ \ \ \
 \\/  ___)| |_)| | | | | || (_| |  ) ) ) )
  '  |____| .__|_| |_|_| |_\__, | / / / /
 =========|_|==============|___/=/_/_/_/
 :: Spring Boot ::        (v2.0.5.RELEASE)

2018-11-09 21:17:37.829  INFO 12244 --- [    Test worker] api.RestTest                             : Starting RestTest on DESKTOP-0P4U7KI with PID 12244 (started by Max Sylver in N:\_Work\produtoragrotest)
2018-11-09 21:17:37.831  INFO 12244 --- [    Test worker] api.RestTest                             : No active profile set, falling back to default profiles: default
2018-11-09 21:17:37.863  INFO 12244 --- [    Test worker] o.s.w.c.s.GenericWebApplicationContext   : Refreshing org.springframework.web.context.support.GenericWebApplicationContext@4786d819: startup date [Fri Nov 09 21:17:37 GFT 2018]; root of context hierarchy
2018-11-09 21:17:40.737  INFO 12244 --- [    Test worker] o.s.w.s.handler.SimpleUrlHandlerMapping  : Mapped URL path [/**/favicon.ico] onto handler of type [class org.springframework.web.servlet.resource.ResourceHttpRequestHandler]
2018-11-09 21:17:41.028  INFO 12244 --- [    Test worker] s.w.s.m.m.a.RequestMappingHandlerAdapter : Looking for @ControllerAdvice: org.springframework.web.context.support.GenericWebApplicationContext@4786d819: startup date [Fri Nov 09 21:17:37 GFT 2018]; root of context hierarchy
2018-11-09 21:17:41.154  INFO 12244 --- [    Test worker] s.w.s.m.m.a.RequestMappingHandlerMapping : Mapped "{[/]}" onto public java.lang.String api.Rest.index()
2018-11-09 21:17:41.159  INFO 12244 --- [    Test worker] s.w.s.m.m.a.RequestMappingHandlerMapping : Mapped "{[/error]}" onto public org.springframework.http.ResponseEntity<java.util.Map<java.lang.String, java.lang.Object>> org.springframework.boot.autoconfigure.web.servlet.error.BasicErrorController.error(javax.servlet.http.HttpServletRequest)
2018-11-09 21:17:41.160  INFO 12244 --- [    Test worker] s.w.s.m.m.a.RequestMappingHandlerMapping : Mapped "{[/error],produces=[text/html]}" onto public org.springframework.web.servlet.ModelAndView org.springframework.boot.autoconfigure.web.servlet.error.BasicErrorController.errorHtml(javax.servlet.http.HttpServletRequest,javax.servlet.http.HttpServletResponse)
2018-11-09 21:17:41.206  INFO 12244 --- [    Test worker] o.s.w.s.handler.SimpleUrlHandlerMapping  : Mapped URL path [/webjars/**] onto handler of type [class org.springframework.web.servlet.resource.ResourceHttpRequestHandler]
2018-11-09 21:17:41.206  INFO 12244 --- [    Test worker] o.s.w.s.handler.SimpleUrlHandlerMapping  : Mapped URL path [/**] onto handler of type [class org.springframework.web.servlet.resource.ResourceHttpRequestHandler]
2018-11-09 21:17:42.356  INFO 12244 --- [    Test worker] o.s.b.t.m.w.SpringBootMockServletContext : Initializing Spring FrameworkServlet ''
2018-11-09 21:17:42.356  INFO 12244 --- [    Test worker] o.s.t.web.servlet.TestDispatcherServlet  : FrameworkServlet '': initialization started
2018-11-09 21:17:42.397  INFO 12244 --- [    Test worker] o.s.b.a.e.web.EndpointLinksResolver      : Exposing 2 endpoint(s) beneath base path '/actuator'
2018-11-09 21:17:42.416  INFO 12244 --- [    Test worker] s.b.a.e.w.s.WebMvcEndpointHandlerMapping : Mapped "{[/actuator/health],methods=[GET],produces=[application/vnd.spring-boot.actuator.v2+json || application/json]}" onto public java.lang.Object org.springframework.boot.actuate.endpoint.web.servlet.AbstractWebMvcEndpointHandlerMapping$OperationHandler.handle(javax.servlet.http.HttpServletRequest,java.util.Map<java.lang.String, java.lang.String>)
2018-11-09 21:17:42.417  INFO 12244 --- [    Test worker] s.b.a.e.w.s.WebMvcEndpointHandlerMapping : Mapped "{[/actuator/info],methods=[GET],produces=[application/vnd.spring-boot.actuator.v2+json || application/json]}" onto public java.lang.Object org.springframework.boot.actuate.endpoint.web.servlet.AbstractWebMvcEndpointHandlerMapping$OperationHandler.handle(javax.servlet.http.HttpServletRequest,java.util.Map<java.lang.String, java.lang.String>)
2018-11-09 21:17:42.419  INFO 12244 --- [    Test worker] s.b.a.e.w.s.WebMvcEndpointHandlerMapping : Mapped "{[/actuator],methods=[GET],produces=[application/vnd.spring-boot.actuator.v2+json || application/json]}" onto protected java.util.Map<java.lang.String, java.util.Map<java.lang.String, org.springframework.boot.actuate.endpoint.web.Link>> org.springframework.boot.actuate.endpoint.web.servlet.WebMvcEndpointHandlerMapping.links(javax.servlet.http.HttpServletRequest,javax.servlet.http.HttpServletResponse)
2018-11-09 21:17:42.459  INFO 12244 --- [    Test worker] o.s.t.web.servlet.TestDispatcherServlet  : FrameworkServlet '': initialization completed in 103 ms
2018-11-09 21:17:42.594  INFO 12244 --- [    Test worker] api.RestTest                             : Started RestTest in 5.188 seconds (JVM running for 6.74)
]]></system-out>
  <system-err><![CDATA[]]></system-err>
</testsuite>
